# JRE version: OpenJDK Runtime Environment (17.0.11) (build 17.0.11+0--11852314)
# Java VM: OpenJDK 64-Bit Server VM (17.0.11+0--11852314, mixed mode, tiered, compressed oops, compressed class ptrs, g1 gc, windows-amd64)
GC Precious Log:
 CPUs: 12 total, 12 available
 Memory: 11995M
 Large Page Support: Disabled
 NUMA Support: Disabled
 Compressed Oops: Enabled (32-bit)
 Heap Region Size: 1M
 Heap Min Capacity: 8M
 Heap Initial Capacity: 188M
 Heap Max Capacity: 2G
 Pre-touch: Disabled
 Parallel Workers: 10
 Concurrent Workers: 3
 Concurrent Refinement Workers: 10
 Periodic GC: Disabled
Heap:
 garbage-first heap   total 144384K, used 70448K [0x0000000080000000, 0x0000000100000000)
  region size 1024K, 4 young (4096K), 4 survivors (4096K)
 Metaspace       used 67234K, committed 67776K, reserved 1114112K
  class space    used 9135K, committed 9408K, reserved 1048576K
GC Heap History (20 events):
Event: 8.112 GC heap after
{Heap after GC invocations=16 (full 0):
 garbage-first heap   total 91136K, used 41884K [0x0000000080000000, 0x0000000100000000)
  region size 1024K, 4 young (4096K), 4 survivors (4096K)
 Metaspace       used 56593K, committed 57152K, reserved 1114112K
  class space    used 7731K, committed 8000K, reserved 1048576K
}
Event: 8.381 GC heap before
{Heap before GC invocations=16 (full 0):
 garbage-first heap   total 91136K, used 61340K [0x0000000080000000, 0x0000000100000000)
  region size 1024K, 23 young (23552K), 4 survivors (4096K)
 Metaspace       used 56972K, committed 57600K, reserved 1114112K
  class space    used 7775K, committed 8064K, reserved 1048576K
}
Event: 8.384 GC heap after
{Heap after GC invocations=17 (full 0):
 garbage-first heap   total 91136K, used 45980K [0x0000000080000000, 0x0000000100000000)
  region size 1024K, 5 young (5120K), 5 survivors (5120K)
 Metaspace       used 56972K, committed 57600K, reserved 1114112K
  class space    used 7775K, committed 8064K, reserved 1048576K
}
Event: 9.054 GC heap before
{Heap before GC invocations=18 (full 0):
 garbage-first heap   total 91136K, used 78748K [0x0000000080000000, 0x0000000100000000)
  region size 1024K, 27 young (27648K), 5 survivors (5120K)
 Metaspace       used 58160K, committed 58752K, reserved 1114112K
  class space    used 7973K, committed 8256K, reserved 1048576K
}
Event: 9.058 GC heap after
{Heap after GC invocations=19 (full 0):
 garbage-first heap   total 93184K, used 63328K [0x0000000080000000, 0x0000000100000000)
  region size 1024K, 4 young (4096K), 4 survivors (4096K)
 Metaspace       used 58160K, committed 58752K, reserved 1114112K
  class space    used 7973K, committed 8256K, reserved 1048576K
}
Event: 9.073 GC heap before
{Heap before GC invocations=19 (full 0):
 garbage-first heap   total 93184K, used 63328K [0x0000000080000000, 0x0000000100000000)
  region size 1024K, 5 young (5120K), 4 survivors (4096K)
 Metaspace       used 58242K, committed 58816K, reserved 1114112K
  class space    used 7975K, committed 8256K, reserved 1048576K
}
Event: 9.076 GC heap after
{Heap after GC invocations=20 (full 0):
 garbage-first heap   total 93184K, used 63408K [0x0000000080000000, 0x0000000100000000)
  region size 1024K, 1 young (1024K), 1 survivors (1024K)
 Metaspace       used 58242K, committed 58816K, reserved 1114112K
  class space    used 7975K, committed 8256K, reserved 1048576K
}
Event: 9.149 GC heap before
{Heap before GC invocations=20 (full 0):
 garbage-first heap   total 93184K, used 65456K [0x0000000080000000, 0x0000000100000000)
  region size 1024K, 5 young (5120K), 1 survivors (1024K)
 Metaspace       used 58458K, committed 59008K, reserved 1114112K
  class space    used 7994K, committed 8256K, reserved 1048576K
}
Event: 9.150 GC heap after
{Heap after GC invocations=21 (full 0):
 garbage-first heap   total 93184K, used 63657K [0x0000000080000000, 0x0000000100000000)
  region size 1024K, 1 young (1024K), 1 survivors (1024K)
 Metaspace       used 58458K, committed 59008K, reserved 1114112K
  class space    used 7994K, committed 8256K, reserved 1048576K
}
Event: 9.392 GC heap before
{Heap before GC invocations=22 (full 0):
 garbage-first heap   total 111616K, used 75945K [0x0000000080000000, 0x0000000100000000)
  region size 1024K, 13 young (13312K), 1 survivors (1024K)
 Metaspace       used 59398K, committed 59968K, reserved 1114112K
  class space    used 8117K, committed 8384K, reserved 1048576K
}
Event: 9.394 GC heap after
{Heap after GC invocations=23 (full 0):
 garbage-first heap   total 111616K, used 65107K [0x0000000080000000, 0x0000000100000000)
  region size 1024K, 2 young (2048K), 2 survivors (2048K)
 Metaspace       used 59398K, committed 59968K, reserved 1114112K
  class space    used 8117K, committed 8384K, reserved 1048576K
}
Event: 9.432 GC heap before
{Heap before GC invocations=23 (full 0):
 garbage-first heap   total 111616K, used 67155K [0x0000000080000000, 0x0000000100000000)
  region size 1024K, 5 young (5120K), 2 survivors (2048K)
 Metaspace       used 59646K, committed 60288K, reserved 1114112K
  class space    used 8153K, committed 8448K, reserved 1048576K
}
Event: 9.434 GC heap after
{Heap after GC invocations=24 (full 0):
 garbage-first heap   total 111616K, used 64530K [0x0000000080000000, 0x0000000100000000)
  region size 1024K, 1 young (1024K), 1 survivors (1024K)
 Metaspace       used 59646K, committed 60288K, reserved 1114112K
  class space    used 8153K, committed 8448K, reserved 1048576K
}
Event: 9.757 GC heap before
{Heap before GC invocations=24 (full 0):
 garbage-first heap   total 111616K, used 88082K [0x0000000080000000, 0x0000000100000000)
  region size 1024K, 25 young (25600K), 1 survivors (1024K)
 Metaspace       used 61830K, committed 62400K, reserved 1114112K
  class space    used 8410K, committed 8704K, reserved 1048576K
}
Event: 9.759 GC heap after
{Heap after GC invocations=25 (full 0):
 garbage-first heap   total 111616K, used 65179K [0x0000000080000000, 0x0000000100000000)
  region size 1024K, 2 young (2048K), 2 survivors (2048K)
 Metaspace       used 61830K, committed 62400K, reserved 1114112K
  class space    used 8410K, committed 8704K, reserved 1048576K
}
Event: 10.145 GC heap before
{Heap before GC invocations=26 (full 0):
 garbage-first heap   total 112640K, used 89755K [0x0000000080000000, 0x0000000100000000)
  region size 1024K, 27 young (27648K), 2 survivors (2048K)
 Metaspace       used 64426K, committed 65024K, reserved 1114112K
  class space    used 8756K, committed 9024K, reserved 1048576K
}
Event: 10.147 GC heap after
{Heap after GC invocations=27 (full 0):
 garbage-first heap   total 112640K, used 65878K [0x0000000080000000, 0x0000000100000000)
  region size 1024K, 2 young (2048K), 2 survivors (2048K)
 Metaspace       used 64426K, committed 65024K, reserved 1114112K
  class space    used 8756K, committed 9024K, reserved 1048576K
}
Event: 10.217 GC heap before
{Heap before GC invocations=27 (full 0):
 garbage-first heap   total 112640K, used 68950K [0x0000000080000000, 0x0000000100000000)
  region size 1024K, 5 young (5120K), 2 survivors (2048K)
 Metaspace       used 64877K, committed 65472K, reserved 1114112K
  class space    used 8829K, committed 9088K, reserved 1048576K
}
Event: 10.219 GC heap after
{Heap after GC invocations=28 (full 0):
 garbage-first heap   total 112640K, used 65637K [0x0000000080000000, 0x0000000100000000)
  region size 1024K, 1 young (1024K), 1 survivors (1024K)
 Metaspace       used 64877K, committed 65472K, reserved 1114112K
  class space    used 8829K, committed 9088K, reserved 1048576K
}
Event: 10.582 GC heap before
{Heap before GC invocations=28 (full 0):
 garbage-first heap   total 112640K, used 98405K [0x0000000080000000, 0x0000000100000000)
  region size 1024K, 28 young (28672K), 1 survivors (1024K)
 Metaspace       used 67234K, committed 67776K, reserved 1114112K
  class space    used 9135K, committed 9408K, reserved 1048576K
}

